160525  9:01:47 [Note] Plugin 'FEDERATED' is disabled.
InnoDB: The InnoDB memory heap is disabled
InnoDB: Mutexes and rw_locks use Windows interlocked functions
InnoDB: Compressed tables use zlib 1.2.3
160525  9:01:47  InnoDB: highest supported file format is Barracuda.
160525  9:01:49 InnoDB 1.1.2 started; log sequence number 9419317
160525  9:01:49 [ERROR] Can't start server: Bind on TCP/IP port: No such file or directory
160525  9:01:49 [ERROR] Do you already have another mysqld server running on port: 3306 ?
160525  9:01:49 [ERROR] Aborting

160525  9:01:49  InnoDB: Starting shutdown...
160525  9:01:55  InnoDB: Shutdown completed; log sequence number 9419789
160525  9:01:55 [Note] bin\mysqld.exe: Shutdown complete

160525 13:55:14 [Note] Plugin 'FEDERATED' is disabled.
InnoDB: The InnoDB memory heap is disabled
InnoDB: Mutexes and rw_locks use Windows interlocked functions
InnoDB: Compressed tables use zlib 1.2.3
160525 13:55:14  InnoDB: highest supported file format is Barracuda.
160525 13:55:15 InnoDB 1.1.2 started; log sequence number 9419789
160525 13:57:37 [Note] Plugin 'FEDERATED' is disabled.
InnoDB: The InnoDB memory heap is disabled
InnoDB: Mutexes and rw_locks use Windows interlocked functions
InnoDB: Compressed tables use zlib 1.2.3
160525 13:57:37  InnoDB: Operating system error number 32 in a file operation.
InnoDB: The error means that another program is using InnoDB's files.
InnoDB: This might be a backup or antivirus software or another instance
InnoDB: of MySQL. Please close it to get rid of this error.
160525 14:45:07 [Note] Plugin 'FEDERATED' is disabled.
InnoDB: The InnoDB memory heap is disabled
InnoDB: Mutexes and rw_locks use Windows interlocked functions
InnoDB: Compressed tables use zlib 1.2.3
160525 14:45:07  InnoDB: Operating system error number 32 in a file operation.
InnoDB: The error means that another program is using InnoDB's files.
InnoDB: This might be a backup or antivirus software or another instance
InnoDB: of MySQL. Please close it to get rid of this error.
160525 14:45:17  InnoDB: Operating system error number 32 in a file operation.
InnoDB: The error means that another program is using InnoDB's files.
InnoDB: This might be a backup or antivirus software or another instance
InnoDB: of MySQL. Please close it to get rid of this error.
160525 14:53:11 [Note] Plugin 'FEDERATED' is disabled.
InnoDB: The InnoDB memory heap is disabled
InnoDB: Mutexes and rw_locks use Windows interlocked functions
InnoDB: Compressed tables use zlib 1.2.3
160525 14:53:11  InnoDB: highest supported file format is Barracuda.
InnoDB: The log sequence number in ibdata files does not match
InnoDB: the log sequence number in the ib_logfiles!
160525 14:53:11  InnoDB: Database was not shut down normally!
InnoDB: Starting crash recovery.
InnoDB: Reading tablespace information from the .ibd files...
InnoDB: Restoring possible half-written data pages from the doublewrite
InnoDB: buffer...
160525 14:53:12 InnoDB 1.1.2 started; log sequence number 9419828
160525 14:53:12 [ERROR] Can't start server: Bind on TCP/IP port: No such file or directory
160525 14:53:12 [ERROR] Do you already have another mysqld server running on port: 3306 ?
160525 14:53:12 [ERROR] Aborting

160525 14:53:12  InnoDB: Starting shutdown...
160525 14:53:18  InnoDB: Shutdown completed; log sequence number 9419828
160525 14:53:18 [Note] bin\mysqld.exe: Shutdown complete

160525 14:54:46 [Note] Plugin 'FEDERATED' is disabled.
InnoDB: The InnoDB memory heap is disabled
InnoDB: Mutexes and rw_locks use Windows interlocked functions
InnoDB: Compressed tables use zlib 1.2.3
160525 14:54:46  InnoDB: highest supported file format is Barracuda.
160525 14:54:47 InnoDB 1.1.2 started; log sequence number 9419828
160525 14:54:47 [ERROR] Can't start server: Bind on TCP/IP port: No such file or directory
160525 14:54:47 [ERROR] Do you already have another mysqld server running on port: 3306 ?
160525 14:54:47 [ERROR] Aborting

160525 14:54:47  InnoDB: Starting shutdown...
160525 14:54:52  InnoDB: Shutdown completed; log sequence number 9419828
160525 14:54:52 [Note] bin\mysqld.exe: Shutdown complete

160525 14:56:44 [Note] Plugin 'FEDERATED' is disabled.
InnoDB: The InnoDB memory heap is disabled
InnoDB: Mutexes and rw_locks use Windows interlocked functions
InnoDB: Compressed tables use zlib 1.2.3
160525 14:56:44  InnoDB: highest supported file format is Barracuda.
160525 14:56:44 InnoDB 1.1.2 started; log sequence number 9419828
160525 14:56:44 [ERROR] Can't start server: Bind on TCP/IP port: No such file or directory
160525 14:56:44 [ERROR] Do you already have another mysqld server running on port: 3306 ?
160525 14:56:44 [ERROR] Aborting

160525 14:56:44  InnoDB: Starting shutdown...
160525 14:56:50  InnoDB: Shutdown completed; log sequence number 9419828
160525 14:56:50 [Note] bin\mysqld.exe: Shutdown complete

